<?xml version="1.0" encoding="UTF-8"?>
<!-- Generated by org.testng.reporters.JUnitReportReporter -->
<testsuite skipped="0" hostname="DESKTOP-KIA6K7F" name="Inheritance.SingleInheritance" tests="2" failures="0" timestamp="4 Mar 2021 07:56:08 GMT" time="0.027" errors="0">
  <testcase name="sub" time="0.010" classname="Inheritance.SingleInheritance"/>
  <testcase name="add" time="0.017" classname="Inheritance.SingleInheritance"/>
</testsuite> <!-- Inheritance.SingleInheritance -->
