<?xml version="1.0" encoding="UTF-8"?>
<!-- Generated by org.testng.reporters.JUnitReportReporter -->
<testsuite skipped="0" hostname="DESKTOP-KIA6K7F" name="OperationalCommands.OperationCommand" tests="4" failures="0" timestamp="4 Mar 2021 09:38:28 GMT" time="0.035" errors="0">
  <testcase name="div" time="0.002" classname="OperationalCommands.OperationCommand"/>
  <testcase name="sub" time="0.003" classname="OperationalCommands.OperationCommand"/>
  <testcase name="mul" time="0.008" classname="OperationalCommands.OperationCommand"/>
  <testcase name="add" time="0.022" classname="OperationalCommands.OperationCommand"/>
</testsuite> <!-- OperationalCommands.OperationCommand -->
